<?xml version="1.0" encoding="UTF-8"?>
<!-- Generated by org.testng.reporters.JUnitReportReporter -->
<testsuite skipped="0" hostname="INFLAP127" name="TestCases.Test_Google" tests="1" failures="0" timestamp="07 Aug 2020 11:51:36 GMT" time="5.537" errors="0">
  <testcase name="pass1" time="5.537" classname="TestCases.Test_Google"/>
</testsuite> <!-- TestCases.Test_Google -->
